[debug] [2018-03-03T14:19:00.772Z] ----------------------------------------------------------------------
[debug] [2018-03-03T14:19:00.773Z] Command:       /usr/local/bin/node /usr/local/bin/firebase init functions
[debug] [2018-03-03T14:19:00.774Z] CLI Version:   3.17.4
[debug] [2018-03-03T14:19:00.774Z] Platform:      darwin
[debug] [2018-03-03T14:19:00.774Z] Node Version:  v8.9.4
[debug] [2018-03-03T14:19:00.774Z] Time:          Sat Mar 03 2018 16:19:00 GMT+0200 (EET)
[debug] [2018-03-03T14:19:00.774Z] ----------------------------------------------------------------------
[debug] 
[debug] [2018-03-03T14:19:00.788Z] > command requires scopes: ["email","openid","https://www.googleapis.com/auth/cloudplatformprojects.readonly","https://www.googleapis.com/auth/firebase"]
[debug] [2018-03-03T14:19:00.788Z] > authorizing via signed-in user
[info] 
     🔥🔥🔥🔥🔥🔥🔥🔥 🔥🔥🔥🔥 🔥🔥🔥🔥🔥🔥🔥🔥  🔥🔥🔥🔥🔥🔥🔥🔥 🔥🔥🔥🔥🔥🔥🔥🔥     🔥🔥🔥     🔥🔥🔥🔥🔥🔥  🔥🔥🔥🔥🔥🔥🔥🔥
     🔥🔥        🔥🔥  🔥🔥     🔥🔥 🔥🔥       🔥🔥     🔥🔥  🔥🔥   🔥🔥  🔥🔥       🔥🔥
     🔥🔥🔥🔥🔥🔥    🔥🔥  🔥🔥🔥🔥🔥🔥🔥🔥  🔥🔥🔥🔥🔥🔥   🔥🔥🔥🔥🔥🔥🔥🔥  🔥🔥🔥🔥🔥🔥🔥🔥🔥  🔥🔥🔥🔥🔥🔥  🔥🔥🔥🔥🔥🔥
     🔥🔥        🔥🔥  🔥🔥    🔥🔥  🔥🔥       🔥🔥     🔥🔥 🔥🔥     🔥🔥       🔥🔥 🔥🔥
     🔥🔥       🔥🔥🔥🔥 🔥🔥     🔥🔥 🔥🔥🔥🔥🔥🔥🔥🔥 🔥🔥🔥🔥🔥🔥🔥🔥  🔥🔥     🔥🔥  🔥🔥🔥🔥🔥🔥  🔥🔥🔥🔥🔥🔥🔥🔥

You're about to initialize a Firebase project in this directory:

  /Volumes/Bmind-Data/ElMawkaa/Code

Before we get started, keep in mind:

  * You are currently outside your home directory
  * You are initializing in an existing Firebase project directory

[info] 
=== Project Setup
[info] 
[info] First, let's associate this project directory with a Firebase project.
[info] You can create multiple project aliases by running firebase use --add, 
[info] but for now we'll just set up a default project.
[info] 
[debug] [2018-03-03T14:19:00.793Z] > refreshing access token with scopes: ["email","https://www.googleapis.com/auth/cloudplatformprojects.readonly","https://www.googleapis.com/auth/firebase","openid"]
[debug] [2018-03-03T14:19:00.793Z] >>> HTTP REQUEST POST https://www.googleapis.com/oauth2/v3/token  
 { refresh_token: '1/mCaxIHj833S-BxFKXdWXtxC-5aYB7We7hxh-gnzKv5k',
  client_id: '563584335869-fgrhgmd47bqnekij5i8b5pr03ho849e6.apps.googleusercontent.com',
  client_secret: 'j9iVZfS8kkCEFUPaAeJV0sAi',
  grant_type: 'refresh_token',
  scope: 'email https://www.googleapis.com/auth/cloudplatformprojects.readonly https://www.googleapis.com/auth/firebase openid' } 
 Sat Mar 03 2018 16:19:00 GMT+0200 (EET)
[debug] [2018-03-03T14:19:06.917Z] <<< HTTP RESPONSE 200
[debug] [2018-03-03T14:19:06.930Z] >>> HTTP REQUEST GET https://admin.firebase.com/v1/projects  
  
 Sat Mar 03 2018 16:19:06 GMT+0200 (EET)
