[debug] [2018-03-03T17:54:18.355Z] ----------------------------------------------------------------------
[debug] [2018-03-03T17:54:18.357Z] Command:       /usr/local/bin/node /usr/local/bin/firebase serve --only functions
[debug] [2018-03-03T17:54:18.357Z] CLI Version:   3.17.4
[debug] [2018-03-03T17:54:18.357Z] Platform:      darwin
[debug] [2018-03-03T17:54:18.357Z] Node Version:  v8.9.4
[debug] [2018-03-03T17:54:18.357Z] Time:          Sat Mar 03 2018 19:54:18 GMT+0200 (EET)
[debug] [2018-03-03T17:54:18.358Z] ----------------------------------------------------------------------
[debug] 
[debug] [2018-03-03T17:54:18.369Z] > command requires scopes: ["email","openid","https://www.googleapis.com/auth/cloudplatformprojects.readonly","https://www.googleapis.com/auth/firebase","https://www.googleapis.com/auth/cloud-platform"]
[debug] [2018-03-03T17:54:18.369Z] > authorizing via signed-in user
[debug] [2018-03-03T17:54:18.371Z] >>> HTTP REQUEST GET https://admin.firebase.com/v1/projects/ahmedaswai  
  
 Sat Mar 03 2018 19:54:18 GMT+0200 (EET)
[debug] [2018-03-03T17:54:19.686Z] <<< HTTP RESPONSE 200
[debug] [2018-03-03T17:54:19.688Z] >>> HTTP REQUEST GET https://admin.firebase.com/v1/database/ahmedaswai/tokens  
  
 Sat Mar 03 2018 19:54:19 GMT+0200 (EET)
[debug] [2018-03-03T17:54:20.721Z] <<< HTTP RESPONSE 200
[info] 
[info] === Serving from '/Volumes/Bmind-Data/ElMawkaa/Code'...
[info] 
[info] i  functions: Preparing to emulate functions.
[debug] [2018-03-03T17:54:20.961Z] Fetching environment
[debug] [2018-03-03T17:54:20.962Z] >>> HTTP REQUEST GET https://appengine.googleapis.com/v1/apps/ahmedaswai  
  
 Sat Mar 03 2018 19:54:20 GMT+0200 (EET)
[debug] [2018-03-03T17:54:20.962Z] >>> HTTP REQUEST GET https://apikeys.googleapis.com/v1/projects/ahmedaswai/apiKeys  
  
 Sat Mar 03 2018 19:54:20 GMT+0200 (EET)
[debug] [2018-03-03T17:54:22.378Z] <<< HTTP RESPONSE 200
[debug] [2018-03-03T17:54:22.518Z] <<< HTTP RESPONSE 200
[debug] [2018-03-03T17:54:22.518Z] Starting @google-cloud/functions-emulator
[debug] [2018-03-03T17:54:23.557Z] Parsing function triggers
[info] ✔  functions: api: http://localhost:5000/ahmedaswai/us-central1/api
